[INFO  - 2020-08-03T09:42:06.252Z] GhostDriver - Main - running on port 53486
[INFO  - 2020-08-03T09:42:06.654Z] Session [97ffb290-d56d-11ea-af9a-ebd5a5b67acb] - page.settings - {"XSSAuditingEnabled":false,"javascriptCanCloseWindows":true,"javascriptCanOpenWindows":true,"javascriptEnabled":true,"loadImages":true,"localToRemoteUrlAccessEnabled":false,"userAgent":"Mozilla/5.0 (Windows NT 6.2; WOW64) AppleWebKit/538.1 (KHTML, like Gecko) PhantomJS/2.1.1 Safari/538.1","webSecurityEnabled":true}
[INFO  - 2020-08-03T09:42:06.655Z] Session [97ffb290-d56d-11ea-af9a-ebd5a5b67acb] - page.customHeaders:  - {}
[INFO  - 2020-08-03T09:42:06.655Z] Session [97ffb290-d56d-11ea-af9a-ebd5a5b67acb] - Session.negotiatedCapabilities - {"browserName":"phantomjs","version":"2.1.1","driverName":"ghostdriver","driverVersion":"1.2.0","platform":"windows-10-32bit","javascriptEnabled":true,"takesScreenshot":true,"handlesAlerts":false,"databaseEnabled":false,"locationContextEnabled":false,"applicationCacheEnabled":false,"browserConnectionEnabled":false,"cssSelectorsEnabled":true,"webStorageEnabled":false,"rotatable":false,"acceptSslCerts":false,"nativeEvents":true,"proxy":{"proxyType":"direct"}}
[INFO  - 2020-08-03T09:42:06.655Z] SessionManagerReqHand - _postNewSessionCommand - New Session Created: 97ffb290-d56d-11ea-af9a-ebd5a5b67acb
[ERROR - 2020-08-03T09:42:21.923Z] Session [97ffb290-d56d-11ea-af9a-ebd5a5b67acb] - page.onError - msg: TypeError: null is not an object (evaluating 'r[1]')

  phantomjs://platform/console++.js:263 in error
[ERROR - 2020-08-03T09:42:21.923Z] Session [97ffb290-d56d-11ea-af9a-ebd5a5b67acb] - page.onError - stack:
  e (https://img3.doubanio.com/f/accounts/93e1ba13ba35ef59fbe88559e262a1d997db922d/passport/build/login/base.js:4)
  (anonymous function) (https://img3.doubanio.com/f/accounts/93e1ba13ba35ef59fbe88559e262a1d997db922d/passport/build/login/base.js:2)
  sendEvent (:0)
  _keyEvent (phantomjs://code/inputs.js:325)
  _pressKey (phantomjs://code/inputs.js:280)
  _sendKeys (phantomjs://code/inputs.js:237)
  _postValueCommand (phantomjs://code/webelement_request_handler.js:288)
  _handle (phantomjs://code/webelement_request_handler.js:72)
  _reroute (phantomjs://code/request_handler.js:61)
  _handle (phantomjs://code/session_request_handler.js:120)
  _reroute (phantomjs://code/request_handler.js:61)
  _handle (phantomjs://code/router_request_handler.js:78)

  phantomjs://platform/console++.js:263 in error
[ERROR - 2020-08-03T09:42:21.926Z] Session [97ffb290-d56d-11ea-af9a-ebd5a5b67acb] - page.onError - msg: TypeError: null is not an object (evaluating 'r[1]')

  phantomjs://platform/console++.js:263 in error
[ERROR - 2020-08-03T09:42:21.926Z] Session [97ffb290-d56d-11ea-af9a-ebd5a5b67acb] - page.onError - stack:
  e (https://img3.doubanio.com/f/accounts/93e1ba13ba35ef59fbe88559e262a1d997db922d/passport/build/login/base.js:4)
  (anonymous function) (https://img3.doubanio.com/f/accounts/93e1ba13ba35ef59fbe88559e262a1d997db922d/passport/build/login/base.js:2)
  sendEvent (:0)
  _keyEvent (phantomjs://code/inputs.js:325)
  _pressKey (phantomjs://code/inputs.js:280)
  _sendKeys (phantomjs://code/inputs.js:237)
  _postValueCommand (phantomjs://code/webelement_request_handler.js:288)
  _handle (phantomjs://code/webelement_request_handler.js:72)
  _reroute (phantomjs://code/request_handler.js:61)
  _handle (phantomjs://code/session_request_handler.js:120)
  _reroute (phantomjs://code/request_handler.js:61)
  _handle (phantomjs://code/router_request_handler.js:78)

  phantomjs://platform/console++.js:263 in error
[ERROR - 2020-08-03T09:42:21.928Z] Session [97ffb290-d56d-11ea-af9a-ebd5a5b67acb] - page.onError - msg: TypeError: null is not an object (evaluating 'r[1]')

  phantomjs://platform/console++.js:263 in error
[ERROR - 2020-08-03T09:42:21.928Z] Session [97ffb290-d56d-11ea-af9a-ebd5a5b67acb] - page.onError - stack:
  e (https://img3.doubanio.com/f/accounts/93e1ba13ba35ef59fbe88559e262a1d997db922d/passport/build/login/base.js:4)
  (anonymous function) (https://img3.doubanio.com/f/accounts/93e1ba13ba35ef59fbe88559e262a1d997db922d/passport/build/login/base.js:2)
  sendEvent (:0)
  _keyEvent (phantomjs://code/inputs.js:325)
  _pressKey (phantomjs://code/inputs.js:280)
  _sendKeys (phantomjs://code/inputs.js:237)
  _postValueCommand (phantomjs://code/webelement_request_handler.js:288)
  _handle (phantomjs://code/webelement_request_handler.js:72)
  _reroute (phantomjs://code/request_handler.js:61)
  _handle (phantomjs://code/session_request_handler.js:120)
  _reroute (phantomjs://code/request_handler.js:61)
  _handle (phantomjs://code/router_request_handler.js:78)

  phantomjs://platform/console++.js:263 in error
[ERROR - 2020-08-03T09:42:21.930Z] Session [97ffb290-d56d-11ea-af9a-ebd5a5b67acb] - page.onError - msg: TypeError: null is not an object (evaluating 'r[1]')

  phantomjs://platform/console++.js:263 in error
[ERROR - 2020-08-03T09:42:21.930Z] Session [97ffb290-d56d-11ea-af9a-ebd5a5b67acb] - page.onError - stack:
  e (https://img3.doubanio.com/f/accounts/93e1ba13ba35ef59fbe88559e262a1d997db922d/passport/build/login/base.js:4)
  (anonymous function) (https://img3.doubanio.com/f/accounts/93e1ba13ba35ef59fbe88559e262a1d997db922d/passport/build/login/base.js:2)
  sendEvent (:0)
  _keyEvent (phantomjs://code/inputs.js:325)
  _pressKey (phantomjs://code/inputs.js:280)
  _sendKeys (phantomjs://code/inputs.js:237)
  _postValueCommand (phantomjs://code/webelement_request_handler.js:288)
  _handle (phantomjs://code/webelement_request_handler.js:72)
  _reroute (phantomjs://code/request_handler.js:61)
  _handle (phantomjs://code/session_request_handler.js:120)
  _reroute (phantomjs://code/request_handler.js:61)
  _handle (phantomjs://code/router_request_handler.js:78)

  phantomjs://platform/console++.js:263 in error
[ERROR - 2020-08-03T09:42:21.932Z] Session [97ffb290-d56d-11ea-af9a-ebd5a5b67acb] - page.onError - msg: TypeError: null is not an object (evaluating 'r[1]')

  phantomjs://platform/console++.js:263 in error
[ERROR - 2020-08-03T09:42:21.932Z] Session [97ffb290-d56d-11ea-af9a-ebd5a5b67acb] - page.onError - stack:
  e (https://img3.doubanio.com/f/accounts/93e1ba13ba35ef59fbe88559e262a1d997db922d/passport/build/login/base.js:4)
  (anonymous function) (https://img3.doubanio.com/f/accounts/93e1ba13ba35ef59fbe88559e262a1d997db922d/passport/build/login/base.js:2)
  sendEvent (:0)
  _keyEvent (phantomjs://code/inputs.js:325)
  _pressKey (phantomjs://code/inputs.js:280)
  _sendKeys (phantomjs://code/inputs.js:237)
  _postValueCommand (phantomjs://code/webelement_request_handler.js:288)
  _handle (phantomjs://code/webelement_request_handler.js:72)
  _reroute (phantomjs://code/request_handler.js:61)
  _handle (phantomjs://code/session_request_handler.js:120)
  _reroute (phantomjs://code/request_handler.js:61)
  _handle (phantomjs://code/router_request_handler.js:78)

  phantomjs://platform/console++.js:263 in error
[ERROR - 2020-08-03T09:42:21.934Z] Session [97ffb290-d56d-11ea-af9a-ebd5a5b67acb] - page.onError - msg: TypeError: null is not an object (evaluating 'r[1]')

  phantomjs://platform/console++.js:263 in error
[ERROR - 2020-08-03T09:42:21.934Z] Session [97ffb290-d56d-11ea-af9a-ebd5a5b67acb] - page.onError - stack:
  e (https://img3.doubanio.com/f/accounts/93e1ba13ba35ef59fbe88559e262a1d997db922d/passport/build/login/base.js:4)
  (anonymous function) (https://img3.doubanio.com/f/accounts/93e1ba13ba35ef59fbe88559e262a1d997db922d/passport/build/login/base.js:2)
  sendEvent (:0)
  _keyEvent (phantomjs://code/inputs.js:325)
  _pressKey (phantomjs://code/inputs.js:280)
  _sendKeys (phantomjs://code/inputs.js:237)
  _postValueCommand (phantomjs://code/webelement_request_handler.js:288)
  _handle (phantomjs://code/webelement_request_handler.js:72)
  _reroute (phantomjs://code/request_handler.js:61)
  _handle (phantomjs://code/session_request_handler.js:120)
  _reroute (phantomjs://code/request_handler.js:61)
  _handle (phantomjs://code/router_request_handler.js:78)

  phantomjs://platform/console++.js:263 in error
[ERROR - 2020-08-03T09:42:21.936Z] Session [97ffb290-d56d-11ea-af9a-ebd5a5b67acb] - page.onError - msg: TypeError: null is not an object (evaluating 'r[1]')

  phantomjs://platform/console++.js:263 in error
[ERROR - 2020-08-03T09:42:21.936Z] Session [97ffb290-d56d-11ea-af9a-ebd5a5b67acb] - page.onError - stack:
  e (https://img3.doubanio.com/f/accounts/93e1ba13ba35ef59fbe88559e262a1d997db922d/passport/build/login/base.js:4)
  (anonymous function) (https://img3.doubanio.com/f/accounts/93e1ba13ba35ef59fbe88559e262a1d997db922d/passport/build/login/base.js:2)
  sendEvent (:0)
  _keyEvent (phantomjs://code/inputs.js:325)
  _pressKey (phantomjs://code/inputs.js:280)
  _sendKeys (phantomjs://code/inputs.js:237)
  _postValueCommand (phantomjs://code/webelement_request_handler.js:288)
  _handle (phantomjs://code/webelement_request_handler.js:72)
  _reroute (phantomjs://code/request_handler.js:61)
  _handle (phantomjs://code/session_request_handler.js:120)
  _reroute (phantomjs://code/request_handler.js:61)
  _handle (phantomjs://code/router_request_handler.js:78)

  phantomjs://platform/console++.js:263 in error
[ERROR - 2020-08-03T09:42:21.938Z] Session [97ffb290-d56d-11ea-af9a-ebd5a5b67acb] - page.onError - msg: TypeError: null is not an object (evaluating 'r[1]')

  phantomjs://platform/console++.js:263 in error
[ERROR - 2020-08-03T09:42:21.938Z] Session [97ffb290-d56d-11ea-af9a-ebd5a5b67acb] - page.onError - stack:
  e (https://img3.doubanio.com/f/accounts/93e1ba13ba35ef59fbe88559e262a1d997db922d/passport/build/login/base.js:4)
  (anonymous function) (https://img3.doubanio.com/f/accounts/93e1ba13ba35ef59fbe88559e262a1d997db922d/passport/build/login/base.js:2)
  sendEvent (:0)
  _keyEvent (phantomjs://code/inputs.js:325)
  _pressKey (phantomjs://code/inputs.js:280)
  _sendKeys (phantomjs://code/inputs.js:237)
  _postValueCommand (phantomjs://code/webelement_request_handler.js:288)
  _handle (phantomjs://code/webelement_request_handler.js:72)
  _reroute (phantomjs://code/request_handler.js:61)
  _handle (phantomjs://code/session_request_handler.js:120)
  _reroute (phantomjs://code/request_handler.js:61)
  _handle (phantomjs://code/router_request_handler.js:78)

  phantomjs://platform/console++.js:263 in error
[ERROR - 2020-08-03T09:42:21.940Z] Session [97ffb290-d56d-11ea-af9a-ebd5a5b67acb] - page.onError - msg: TypeError: null is not an object (evaluating 'r[1]')

  phantomjs://platform/console++.js:263 in error
[ERROR - 2020-08-03T09:42:21.941Z] Session [97ffb290-d56d-11ea-af9a-ebd5a5b67acb] - page.onError - stack:
  e (https://img3.doubanio.com/f/accounts/93e1ba13ba35ef59fbe88559e262a1d997db922d/passport/build/login/base.js:4)
  (anonymous function) (https://img3.doubanio.com/f/accounts/93e1ba13ba35ef59fbe88559e262a1d997db922d/passport/build/login/base.js:2)
  sendEvent (:0)
  _keyEvent (phantomjs://code/inputs.js:325)
  _pressKey (phantomjs://code/inputs.js:280)
  _sendKeys (phantomjs://code/inputs.js:237)
  _postValueCommand (phantomjs://code/webelement_request_handler.js:288)
  _handle (phantomjs://code/webelement_request_handler.js:72)
  _reroute (phantomjs://code/request_handler.js:61)
  _handle (phantomjs://code/session_request_handler.js:120)
  _reroute (phantomjs://code/request_handler.js:61)
  _handle (phantomjs://code/router_request_handler.js:78)

  phantomjs://platform/console++.js:263 in error
[ERROR - 2020-08-03T09:42:21.942Z] Session [97ffb290-d56d-11ea-af9a-ebd5a5b67acb] - page.onError - msg: TypeError: null is not an object (evaluating 'r[1]')

  phantomjs://platform/console++.js:263 in error
[ERROR - 2020-08-03T09:42:21.943Z] Session [97ffb290-d56d-11ea-af9a-ebd5a5b67acb] - page.onError - stack:
  e (https://img3.doubanio.com/f/accounts/93e1ba13ba35ef59fbe88559e262a1d997db922d/passport/build/login/base.js:4)
  (anonymous function) (https://img3.doubanio.com/f/accounts/93e1ba13ba35ef59fbe88559e262a1d997db922d/passport/build/login/base.js:2)
  sendEvent (:0)
  _keyEvent (phantomjs://code/inputs.js:325)
  _pressKey (phantomjs://code/inputs.js:280)
  _sendKeys (phantomjs://code/inputs.js:237)
  _postValueCommand (phantomjs://code/webelement_request_handler.js:288)
  _handle (phantomjs://code/webelement_request_handler.js:72)
  _reroute (phantomjs://code/request_handler.js:61)
  _handle (phantomjs://code/session_request_handler.js:120)
  _reroute (phantomjs://code/request_handler.js:61)
  _handle (phantomjs://code/router_request_handler.js:78)

  phantomjs://platform/console++.js:263 in error
[ERROR - 2020-08-03T09:42:21.944Z] Session [97ffb290-d56d-11ea-af9a-ebd5a5b67acb] - page.onError - msg: TypeError: null is not an object (evaluating 'r[1]')

  phantomjs://platform/console++.js:263 in error
[ERROR - 2020-08-03T09:42:21.944Z] Session [97ffb290-d56d-11ea-af9a-ebd5a5b67acb] - page.onError - stack:
  e (https://img3.doubanio.com/f/accounts/93e1ba13ba35ef59fbe88559e262a1d997db922d/passport/build/login/base.js:4)
  (anonymous function) (https://img3.doubanio.com/f/accounts/93e1ba13ba35ef59fbe88559e262a1d997db922d/passport/build/login/base.js:2)
  sendEvent (:0)
  _keyEvent (phantomjs://code/inputs.js:325)
  _pressKey (phantomjs://code/inputs.js:280)
  _sendKeys (phantomjs://code/inputs.js:237)
  _postValueCommand (phantomjs://code/webelement_request_handler.js:288)
  _handle (phantomjs://code/webelement_request_handler.js:72)
  _reroute (phantomjs://code/request_handler.js:61)
  _handle (phantomjs://code/session_request_handler.js:120)
  _reroute (phantomjs://code/request_handler.js:61)
  _handle (phantomjs://code/router_request_handler.js:78)

  phantomjs://platform/console++.js:263 in error
[ERROR - 2020-08-03T09:42:22.013Z] Session [97ffb290-d56d-11ea-af9a-ebd5a5b67acb] - page.onError - msg: TypeError: null is not an object (evaluating 'r[1]')

  phantomjs://platform/console++.js:263 in error
[ERROR - 2020-08-03T09:42:22.014Z] Session [97ffb290-d56d-11ea-af9a-ebd5a5b67acb] - page.onError - stack:
  e (https://img3.doubanio.com/f/accounts/93e1ba13ba35ef59fbe88559e262a1d997db922d/passport/build/login/base.js:4)
  (anonymous function) (https://img3.doubanio.com/f/accounts/93e1ba13ba35ef59fbe88559e262a1d997db922d/passport/build/login/base.js:2)
  sendEvent (:0)
  _keyEvent (phantomjs://code/inputs.js:325)
  _pressKey (phantomjs://code/inputs.js:280)
  _sendKeys (phantomjs://code/inputs.js:237)
  _postValueCommand (phantomjs://code/webelement_request_handler.js:288)
  _handle (phantomjs://code/webelement_request_handler.js:72)
  _reroute (phantomjs://code/request_handler.js:61)
  _handle (phantomjs://code/session_request_handler.js:120)
  _reroute (phantomjs://code/request_handler.js:61)
  _handle (phantomjs://code/router_request_handler.js:78)

  phantomjs://platform/console++.js:263 in error
[ERROR - 2020-08-03T09:42:22.015Z] Session [97ffb290-d56d-11ea-af9a-ebd5a5b67acb] - page.onError - msg: TypeError: null is not an object (evaluating 'r[1]')

  phantomjs://platform/console++.js:263 in error
[ERROR - 2020-08-03T09:42:22.016Z] Session [97ffb290-d56d-11ea-af9a-ebd5a5b67acb] - page.onError - stack:
  e (https://img3.doubanio.com/f/accounts/93e1ba13ba35ef59fbe88559e262a1d997db922d/passport/build/login/base.js:4)
  (anonymous function) (https://img3.doubanio.com/f/accounts/93e1ba13ba35ef59fbe88559e262a1d997db922d/passport/build/login/base.js:2)
  sendEvent (:0)
  _keyEvent (phantomjs://code/inputs.js:325)
  _pressKey (phantomjs://code/inputs.js:280)
  _sendKeys (phantomjs://code/inputs.js:237)
  _postValueCommand (phantomjs://code/webelement_request_handler.js:288)
  _handle (phantomjs://code/webelement_request_handler.js:72)
  _reroute (phantomjs://code/request_handler.js:61)
  _handle (phantomjs://code/session_request_handler.js:120)
  _reroute (phantomjs://code/request_handler.js:61)
  _handle (phantomjs://code/router_request_handler.js:78)

  phantomjs://platform/console++.js:263 in error
[ERROR - 2020-08-03T09:42:22.017Z] Session [97ffb290-d56d-11ea-af9a-ebd5a5b67acb] - page.onError - msg: TypeError: null is not an object (evaluating 'r[1]')

  phantomjs://platform/console++.js:263 in error
[ERROR - 2020-08-03T09:42:22.017Z] Session [97ffb290-d56d-11ea-af9a-ebd5a5b67acb] - page.onError - stack:
  e (https://img3.doubanio.com/f/accounts/93e1ba13ba35ef59fbe88559e262a1d997db922d/passport/build/login/base.js:4)
  (anonymous function) (https://img3.doubanio.com/f/accounts/93e1ba13ba35ef59fbe88559e262a1d997db922d/passport/build/login/base.js:2)
  sendEvent (:0)
  _keyEvent (phantomjs://code/inputs.js:325)
  _pressKey (phantomjs://code/inputs.js:280)
  _sendKeys (phantomjs://code/inputs.js:237)
  _postValueCommand (phantomjs://code/webelement_request_handler.js:288)
  _handle (phantomjs://code/webelement_request_handler.js:72)
  _reroute (phantomjs://code/request_handler.js:61)
  _handle (phantomjs://code/session_request_handler.js:120)
  _reroute (phantomjs://code/request_handler.js:61)
  _handle (phantomjs://code/router_request_handler.js:78)

  phantomjs://platform/console++.js:263 in error
[ERROR - 2020-08-03T09:42:22.019Z] Session [97ffb290-d56d-11ea-af9a-ebd5a5b67acb] - page.onError - msg: TypeError: null is not an object (evaluating 'r[1]')

  phantomjs://platform/console++.js:263 in error
[ERROR - 2020-08-03T09:42:22.019Z] Session [97ffb290-d56d-11ea-af9a-ebd5a5b67acb] - page.onError - stack:
  e (https://img3.doubanio.com/f/accounts/93e1ba13ba35ef59fbe88559e262a1d997db922d/passport/build/login/base.js:4)
  (anonymous function) (https://img3.doubanio.com/f/accounts/93e1ba13ba35ef59fbe88559e262a1d997db922d/passport/build/login/base.js:2)
  sendEvent (:0)
  _keyEvent (phantomjs://code/inputs.js:325)
  _pressKey (phantomjs://code/inputs.js:280)
  _sendKeys (phantomjs://code/inputs.js:237)
  _postValueCommand (phantomjs://code/webelement_request_handler.js:288)
  _handle (phantomjs://code/webelement_request_handler.js:72)
  _reroute (phantomjs://code/request_handler.js:61)
  _handle (phantomjs://code/session_request_handler.js:120)
  _reroute (phantomjs://code/request_handler.js:61)
  _handle (phantomjs://code/router_request_handler.js:78)

  phantomjs://platform/console++.js:263 in error
[ERROR - 2020-08-03T09:42:22.020Z] Session [97ffb290-d56d-11ea-af9a-ebd5a5b67acb] - page.onError - msg: TypeError: null is not an object (evaluating 'r[1]')

  phantomjs://platform/console++.js:263 in error
[ERROR - 2020-08-03T09:42:22.021Z] Session [97ffb290-d56d-11ea-af9a-ebd5a5b67acb] - page.onError - stack:
  e (https://img3.doubanio.com/f/accounts/93e1ba13ba35ef59fbe88559e262a1d997db922d/passport/build/login/base.js:4)
  (anonymous function) (https://img3.doubanio.com/f/accounts/93e1ba13ba35ef59fbe88559e262a1d997db922d/passport/build/login/base.js:2)
  sendEvent (:0)
  _keyEvent (phantomjs://code/inputs.js:325)
  _pressKey (phantomjs://code/inputs.js:280)
  _sendKeys (phantomjs://code/inputs.js:237)
  _postValueCommand (phantomjs://code/webelement_request_handler.js:288)
  _handle (phantomjs://code/webelement_request_handler.js:72)
  _reroute (phantomjs://code/request_handler.js:61)
  _handle (phantomjs://code/session_request_handler.js:120)
  _reroute (phantomjs://code/request_handler.js:61)
  _handle (phantomjs://code/router_request_handler.js:78)

  phantomjs://platform/console++.js:263 in error
[ERROR - 2020-08-03T09:42:22.023Z] Session [97ffb290-d56d-11ea-af9a-ebd5a5b67acb] - page.onError - msg: TypeError: null is not an object (evaluating 'r[1]')

  phantomjs://platform/console++.js:263 in error
[ERROR - 2020-08-03T09:42:22.023Z] Session [97ffb290-d56d-11ea-af9a-ebd5a5b67acb] - page.onError - stack:
  e (https://img3.doubanio.com/f/accounts/93e1ba13ba35ef59fbe88559e262a1d997db922d/passport/build/login/base.js:4)
  (anonymous function) (https://img3.doubanio.com/f/accounts/93e1ba13ba35ef59fbe88559e262a1d997db922d/passport/build/login/base.js:2)
  sendEvent (:0)
  _keyEvent (phantomjs://code/inputs.js:325)
  _pressKey (phantomjs://code/inputs.js:280)
  _sendKeys (phantomjs://code/inputs.js:237)
  _postValueCommand (phantomjs://code/webelement_request_handler.js:288)
  _handle (phantomjs://code/webelement_request_handler.js:72)
  _reroute (phantomjs://code/request_handler.js:61)
  _handle (phantomjs://code/session_request_handler.js:120)
  _reroute (phantomjs://code/request_handler.js:61)
  _handle (phantomjs://code/router_request_handler.js:78)

  phantomjs://platform/console++.js:263 in error
[ERROR - 2020-08-03T09:42:22.024Z] Session [97ffb290-d56d-11ea-af9a-ebd5a5b67acb] - page.onError - msg: TypeError: null is not an object (evaluating 'r[1]')

  phantomjs://platform/console++.js:263 in error
[ERROR - 2020-08-03T09:42:22.024Z] Session [97ffb290-d56d-11ea-af9a-ebd5a5b67acb] - page.onError - stack:
  e (https://img3.doubanio.com/f/accounts/93e1ba13ba35ef59fbe88559e262a1d997db922d/passport/build/login/base.js:4)
  (anonymous function) (https://img3.doubanio.com/f/accounts/93e1ba13ba35ef59fbe88559e262a1d997db922d/passport/build/login/base.js:2)
  sendEvent (:0)
  _keyEvent (phantomjs://code/inputs.js:325)
  _pressKey (phantomjs://code/inputs.js:280)
  _sendKeys (phantomjs://code/inputs.js:237)
  _postValueCommand (phantomjs://code/webelement_request_handler.js:288)
  _handle (phantomjs://code/webelement_request_handler.js:72)
  _reroute (phantomjs://code/request_handler.js:61)
  _handle (phantomjs://code/session_request_handler.js:120)
  _reroute (phantomjs://code/request_handler.js:61)
  _handle (phantomjs://code/router_request_handler.js:78)

  phantomjs://platform/console++.js:263 in error
[ERROR - 2020-08-03T09:42:22.026Z] Session [97ffb290-d56d-11ea-af9a-ebd5a5b67acb] - page.onError - msg: TypeError: null is not an object (evaluating 'r[1]')

  phantomjs://platform/console++.js:263 in error
[ERROR - 2020-08-03T09:42:22.026Z] Session [97ffb290-d56d-11ea-af9a-ebd5a5b67acb] - page.onError - stack:
  e (https://img3.doubanio.com/f/accounts/93e1ba13ba35ef59fbe88559e262a1d997db922d/passport/build/login/base.js:4)
  (anonymous function) (https://img3.doubanio.com/f/accounts/93e1ba13ba35ef59fbe88559e262a1d997db922d/passport/build/login/base.js:2)
  sendEvent (:0)
  _keyEvent (phantomjs://code/inputs.js:325)
  _pressKey (phantomjs://code/inputs.js:280)
  _sendKeys (phantomjs://code/inputs.js:237)
  _postValueCommand (phantomjs://code/webelement_request_handler.js:288)
  _handle (phantomjs://code/webelement_request_handler.js:72)
  _reroute (phantomjs://code/request_handler.js:61)
  _handle (phantomjs://code/session_request_handler.js:120)
  _reroute (phantomjs://code/request_handler.js:61)
  _handle (phantomjs://code/router_request_handler.js:78)

  phantomjs://platform/console++.js:263 in error
[ERROR - 2020-08-03T09:42:22.028Z] Session [97ffb290-d56d-11ea-af9a-ebd5a5b67acb] - page.onError - msg: TypeError: null is not an object (evaluating 'r[1]')

  phantomjs://platform/console++.js:263 in error
[ERROR - 2020-08-03T09:42:22.028Z] Session [97ffb290-d56d-11ea-af9a-ebd5a5b67acb] - page.onError - stack:
  e (https://img3.doubanio.com/f/accounts/93e1ba13ba35ef59fbe88559e262a1d997db922d/passport/build/login/base.js:4)
  (anonymous function) (https://img3.doubanio.com/f/accounts/93e1ba13ba35ef59fbe88559e262a1d997db922d/passport/build/login/base.js:2)
  sendEvent (:0)
  _keyEvent (phantomjs://code/inputs.js:325)
  _pressKey (phantomjs://code/inputs.js:280)
  _sendKeys (phantomjs://code/inputs.js:237)
  _postValueCommand (phantomjs://code/webelement_request_handler.js:288)
  _handle (phantomjs://code/webelement_request_handler.js:72)
  _reroute (phantomjs://code/request_handler.js:61)
  _handle (phantomjs://code/session_request_handler.js:120)
  _reroute (phantomjs://code/request_handler.js:61)
  _handle (phantomjs://code/router_request_handler.js:78)

  phantomjs://platform/console++.js:263 in error
[ERROR - 2020-08-03T09:42:22.029Z] Session [97ffb290-d56d-11ea-af9a-ebd5a5b67acb] - page.onError - msg: TypeError: null is not an object (evaluating 'r[1]')

  phantomjs://platform/console++.js:263 in error
[ERROR - 2020-08-03T09:42:22.029Z] Session [97ffb290-d56d-11ea-af9a-ebd5a5b67acb] - page.onError - stack:
  e (https://img3.doubanio.com/f/accounts/93e1ba13ba35ef59fbe88559e262a1d997db922d/passport/build/login/base.js:4)
  (anonymous function) (https://img3.doubanio.com/f/accounts/93e1ba13ba35ef59fbe88559e262a1d997db922d/passport/build/login/base.js:2)
  sendEvent (:0)
  _keyEvent (phantomjs://code/inputs.js:325)
  _pressKey (phantomjs://code/inputs.js:280)
  _sendKeys (phantomjs://code/inputs.js:237)
  _postValueCommand (phantomjs://code/webelement_request_handler.js:288)
  _handle (phantomjs://code/webelement_request_handler.js:72)
  _reroute (phantomjs://code/request_handler.js:61)
  _handle (phantomjs://code/session_request_handler.js:120)
  _reroute (phantomjs://code/request_handler.js:61)
  _handle (phantomjs://code/router_request_handler.js:78)

  phantomjs://platform/console++.js:263 in error
[ERROR - 2020-08-03T09:42:27.295Z] Session [97ffb290-d56d-11ea-af9a-ebd5a5b67acb] - page.onError - msg: TypeError: null is not an object (evaluating 'pageState.percent_type')

  phantomjs://platform/console++.js:263 in error
[ERROR - 2020-08-03T09:42:27.295Z] Session [97ffb290-d56d-11ea-af9a-ebd5a5b67acb] - page.onError - stack:
  onpopstate (https://img3.doubanio.com/misc/mixed_static/5a37a78b3b9b0e0c.js:144)

  phantomjs://platform/console++.js:263 in error
[ERROR - 2020-08-03T09:42:30.937Z] Session [97ffb290-d56d-11ea-af9a-ebd5a5b67acb] - page.onError - msg: TypeError: null is not an object (evaluating 'pageState.percent_type')

  phantomjs://platform/console++.js:263 in error
[ERROR - 2020-08-03T09:42:30.937Z] Session [97ffb290-d56d-11ea-af9a-ebd5a5b67acb] - page.onError - stack:
  onpopstate (https://img3.doubanio.com/misc/mixed_static/5a37a78b3b9b0e0c.js:144)

  phantomjs://platform/console++.js:263 in error
[ERROR - 2020-08-03T09:42:35.622Z] Session [97ffb290-d56d-11ea-af9a-ebd5a5b67acb] - page.onError - msg: [Error]: Error while trying to access the //erebor.douban.com/?unit=dale_movie_subject_comments_bottom_right&uid=220434420&bid=o7pH_ZyWl8M&crtr=3%3A%2Fsubject%2F27000981%2Fcomments&ts=1596447755114&callback=erebor_D1523C88324D4C63885F549D5FB087F8

  phantomjs://platform/console++.js:263 in error
[ERROR - 2020-08-03T09:42:35.622Z] Session [97ffb290-d56d-11ea-af9a-ebd5a5b67acb] - page.onError - stack:
  (anonymous function) (https://img1.doubanio.com/ZGJhYzhmaC9mL2FkanMvOTY0ZDI5MjQ5N2ViOGI2ZGU3ODdkYmI3YTk3NDliMTJlMzNmMGNlYy9hZC5yZWxlYXNlLmpz:1)

  phantomjs://platform/console++.js:263 in error
[ERROR - 2020-08-03T09:42:39.443Z] Session [97ffb290-d56d-11ea-af9a-ebd5a5b67acb] - page.onError - msg: [Error]: Error while trying to access the //erebor.douban.com/?unit=dale_movie_subject_comments_bottom_right&uid=220434420&bid=o7pH_ZyWl8M&crtr=3%3A%2Fsubject%2F27000981%2Fcomments&ts=1596447758935&callback=erebor_58ADCCBBF33D48A486189ED1818E6B7D&failback_count=2

  phantomjs://platform/console++.js:263 in error
[ERROR - 2020-08-03T09:42:39.443Z] Session [97ffb290-d56d-11ea-af9a-ebd5a5b67acb] - page.onError - stack:
  (anonymous function) (https://img1.doubanio.com/ZGJhYzhmaC9mL2FkanMvOTY0ZDI5MjQ5N2ViOGI2ZGU3ODdkYmI3YTk3NDliMTJlMzNmMGNlYy9hZC5yZWxlYXNlLmpz:1)

  phantomjs://platform/console++.js:263 in error
[ERROR - 2020-08-03T09:42:43.149Z] Session [97ffb290-d56d-11ea-af9a-ebd5a5b67acb] - page.onError - msg: TypeError: null is not an object (evaluating 'pageState.percent_type')

  phantomjs://platform/console++.js:263 in error
[ERROR - 2020-08-03T09:42:43.149Z] Session [97ffb290-d56d-11ea-af9a-ebd5a5b67acb] - page.onError - stack:
  onpopstate (https://img3.doubanio.com/misc/mixed_static/5a37a78b3b9b0e0c.js:144)

  phantomjs://platform/console++.js:263 in error
[ERROR - 2020-08-03T09:42:47.531Z] Session [97ffb290-d56d-11ea-af9a-ebd5a5b67acb] - page.onError - msg: [Error]: Error while trying to access the //erebor.douban.com/?unit=dale_movie_subject_comments_bottom_right&uid=220434420&bid=o7pH_ZyWl8M&crtr=3%3A%2Fsubject%2F27000981%2Fcomments&ts=1596447767025&callback=erebor_9A51681D8E83403F8DA7980DD51931A9&failback_count=2

  phantomjs://platform/console++.js:263 in error
[ERROR - 2020-08-03T09:42:47.532Z] Session [97ffb290-d56d-11ea-af9a-ebd5a5b67acb] - page.onError - stack:
  (anonymous function) (https://img1.doubanio.com/ZGJhYzhmaC9mL2FkanMvOTY0ZDI5MjQ5N2ViOGI2ZGU3ODdkYmI3YTk3NDliMTJlMzNmMGNlYy9hZC5yZWxlYXNlLmpz:1)

  phantomjs://platform/console++.js:263 in error
[ERROR - 2020-08-03T09:42:49.462Z] WebElementLocator - _handleLocateCommand - Element(s) NOT Found: GAVE UP. Search Stop Time: 1596447769408

  phantomjs://platform/console++.js:263 in error
[ERROR - 2020-08-03T09:42:50.636Z] Session [97ffb290-d56d-11ea-af9a-ebd5a5b67acb] - page.onError - msg: TypeError: null is not an object (evaluating 'pageState.percent_type')

  phantomjs://platform/console++.js:263 in error
[ERROR - 2020-08-03T09:42:50.636Z] Session [97ffb290-d56d-11ea-af9a-ebd5a5b67acb] - page.onError - stack:
  onpopstate (https://img3.doubanio.com/misc/mixed_static/5a37a78b3b9b0e0c.js:144)

  phantomjs://platform/console++.js:263 in error
[ERROR - 2020-08-03T09:42:54.070Z] Session [97ffb290-d56d-11ea-af9a-ebd5a5b67acb] - page.onError - msg: [Error]: Error while trying to access the //erebor.douban.com/?unit=dale_movie_subject_comments_bottom_right&uid=220434420&bid=o7pH_ZyWl8M&crtr=3%3A%2Fsubject%2F27000981%2Fcomments&ts=1596447773562&callback=erebor_754966A10E0743FFAFD7BD484C8D832C

  phantomjs://platform/console++.js:263 in error
[ERROR - 2020-08-03T09:42:54.070Z] Session [97ffb290-d56d-11ea-af9a-ebd5a5b67acb] - page.onError - stack:
  (anonymous function) (https://img1.doubanio.com/ZGJhYzhmaC9mL2FkanMvOTY0ZDI5MjQ5N2ViOGI2ZGU3ODdkYmI3YTk3NDliMTJlMzNmMGNlYy9hZC5yZWxlYXNlLmpz:1)

  phantomjs://platform/console++.js:263 in error
[ERROR - 2020-08-03T09:42:57.772Z] WebElementLocator - _handleLocateCommand - Element(s) NOT Found: GAVE UP. Search Stop Time: 1596447777721

  phantomjs://platform/console++.js:263 in error
[ERROR - 2020-08-03T09:42:59.398Z] Session [97ffb290-d56d-11ea-af9a-ebd5a5b67acb] - page.onError - msg: TypeError: null is not an object (evaluating 'pageState.percent_type')

  phantomjs://platform/console++.js:263 in error
[ERROR - 2020-08-03T09:42:59.398Z] Session [97ffb290-d56d-11ea-af9a-ebd5a5b67acb] - page.onError - stack:
  onpopstate (https://img3.doubanio.com/misc/mixed_static/5a37a78b3b9b0e0c.js:144)

  phantomjs://platform/console++.js:263 in error
[ERROR - 2020-08-03T09:43:03.081Z] Session [97ffb290-d56d-11ea-af9a-ebd5a5b67acb] - page.onError - msg: [Error]: Error while trying to access the //erebor.douban.com/?unit=dale_movie_subject_comments_bottom_right&uid=220434420&bid=o7pH_ZyWl8M&crtr=3%3A%2Fsubject%2F27000981%2Fcomments&ts=1596447782574&callback=erebor_6CE848335FB643B28828664B92976344

  phantomjs://platform/console++.js:263 in error
[ERROR - 2020-08-03T09:43:03.082Z] Session [97ffb290-d56d-11ea-af9a-ebd5a5b67acb] - page.onError - stack:
  (anonymous function) (https://img1.doubanio.com/ZGJhYzhmaC9mL2FkanMvOTY0ZDI5MjQ5N2ViOGI2ZGU3ODdkYmI3YTk3NDliMTJlMzNmMGNlYy9hZC5yZWxlYXNlLmpz:1)

  phantomjs://platform/console++.js:263 in error
[ERROR - 2020-08-03T09:43:08.103Z] Session [97ffb290-d56d-11ea-af9a-ebd5a5b67acb] - page.onError - msg: [Error]: Error while trying to access the //erebor.douban.com/?unit=dale_movie_subject_comments_bottom_right&uid=220434420&bid=o7pH_ZyWl8M&crtr=3%3A%2Fsubject%2F27000981%2Fcomments&ts=1596447787595&callback=erebor_63F4211372E84C6B891F222B761DB9A5

  phantomjs://platform/console++.js:263 in error
[ERROR - 2020-08-03T09:43:08.103Z] Session [97ffb290-d56d-11ea-af9a-ebd5a5b67acb] - page.onError - stack:
  (anonymous function) (https://img1.doubanio.com/ZGJhYzhmaC9mL2FkanMvOTY0ZDI5MjQ5N2ViOGI2ZGU3ODdkYmI3YTk3NDliMTJlMzNmMGNlYy9hZC5yZWxlYXNlLmpz:1)

  phantomjs://platform/console++.js:263 in error
[ERROR - 2020-08-03T09:43:12.041Z] Session [97ffb290-d56d-11ea-af9a-ebd5a5b67acb] - page.onError - msg: [Error]: Error while trying to access the //erebor.douban.com/?unit=dale_movie_subject_comments_bottom_right&uid=220434420&bid=o7pH_ZyWl8M&crtr=3%3A%2Fsubject%2F27000981%2Fcomments&ts=1596447791532&callback=erebor_FF9E1734719942DE9051E9A53DDABF22&failback_count=1

  phantomjs://platform/console++.js:263 in error
[ERROR - 2020-08-03T09:43:12.041Z] Session [97ffb290-d56d-11ea-af9a-ebd5a5b67acb] - page.onError - stack:
  (anonymous function) (https://img1.doubanio.com/ZGJhYzhmaC9mL2FkanMvOTY0ZDI5MjQ5N2ViOGI2ZGU3ODdkYmI3YTk3NDliMTJlMzNmMGNlYy9hZC5yZWxlYXNlLmpz:1)

  phantomjs://platform/console++.js:263 in error
[ERROR - 2020-08-03T09:43:24.237Z] Session [97ffb290-d56d-11ea-af9a-ebd5a5b67acb] - page.onError - msg: [Error]: Error while trying to access the //erebor.douban.com/?unit=dale_movie_subject_comments_bottom_right&uid=220434420&bid=o7pH_ZyWl8M&crtr=3%3A%2Fsubject%2F27000981%2Fcomments&ts=1596447803731&callback=erebor_F23174B25C8447828982839B28E5D0B6

  phantomjs://platform/console++.js:263 in error
[ERROR - 2020-08-03T09:43:24.237Z] Session [97ffb290-d56d-11ea-af9a-ebd5a5b67acb] - page.onError - stack:
  (anonymous function) (https://img1.doubanio.com/ZGJhYzhmaC9mL2FkanMvOTY0ZDI5MjQ5N2ViOGI2ZGU3ODdkYmI3YTk3NDliMTJlMzNmMGNlYy9hZC5yZWxlYXNlLmpz:1)

  phantomjs://platform/console++.js:263 in error
[ERROR - 2020-08-03T09:43:30.163Z] WebElementLocator - _handleLocateCommand - Element(s) NOT Found: GAVE UP. Search Stop Time: 1596447810114

  phantomjs://platform/console++.js:263 in error
[ERROR - 2020-08-03T09:43:31.377Z] Session [97ffb290-d56d-11ea-af9a-ebd5a5b67acb] - page.onError - msg: TypeError: null is not an object (evaluating 'pageState.percent_type')

  phantomjs://platform/console++.js:263 in error
[ERROR - 2020-08-03T09:43:31.377Z] Session [97ffb290-d56d-11ea-af9a-ebd5a5b67acb] - page.onError - stack:
  onpopstate (https://img3.doubanio.com/misc/mixed_static/5a37a78b3b9b0e0c.js:144)

  phantomjs://platform/console++.js:263 in error
[ERROR - 2020-08-03T09:43:37.501Z] Session [97ffb290-d56d-11ea-af9a-ebd5a5b67acb] - page.onError - msg: [Error]: Error while trying to access the //erebor.douban.com/?unit=dale_movie_subject_comments_bottom_right&uid=220434420&bid=o7pH_ZyWl8M&crtr=3%3A%2Fsubject%2F27000981%2Fcomments&ts=1596447816994&callback=erebor_2D5C68B3F48940F0BEF8C75FBDBBB3F8&failback_count=2

  phantomjs://platform/console++.js:263 in error
[ERROR - 2020-08-03T09:43:37.501Z] Session [97ffb290-d56d-11ea-af9a-ebd5a5b67acb] - page.onError - stack:
  (anonymous function) (https://img1.doubanio.com/ZGJhYzhmaC9mL2FkanMvOTY0ZDI5MjQ5N2ViOGI2ZGU3ODdkYmI3YTk3NDliMTJlMzNmMGNlYy9hZC5yZWxlYXNlLmpz:1)

  phantomjs://platform/console++.js:263 in error
[ERROR - 2020-08-03T09:43:39.663Z] WebElementLocator - _handleLocateCommand - Element(s) NOT Found: GAVE UP. Search Stop Time: 1596447819612

  phantomjs://platform/console++.js:263 in error
[ERROR - 2020-08-03T09:43:40.690Z] Session [97ffb290-d56d-11ea-af9a-ebd5a5b67acb] - page.onError - msg: TypeError: null is not an object (evaluating 'pageState.percent_type')

  phantomjs://platform/console++.js:263 in error
[ERROR - 2020-08-03T09:43:40.690Z] Session [97ffb290-d56d-11ea-af9a-ebd5a5b67acb] - page.onError - stack:
  onpopstate (https://img3.doubanio.com/misc/mixed_static/5a37a78b3b9b0e0c.js:144)

  phantomjs://platform/console++.js:263 in error
[ERROR - 2020-08-03T09:43:44.948Z] Session [97ffb290-d56d-11ea-af9a-ebd5a5b67acb] - page.onError - msg: [Error]: Error while trying to access the //erebor.douban.com/?unit=dale_movie_subject_comments_bottom_right&uid=220434420&bid=o7pH_ZyWl8M&crtr=3%3A%2Fsubject%2F27000981%2Fcomments&ts=1596447824439&callback=erebor_18CF7E32BD16467F92C87DB1EA758D79&failback_count=1

  phantomjs://platform/console++.js:263 in error
[ERROR - 2020-08-03T09:43:44.948Z] Session [97ffb290-d56d-11ea-af9a-ebd5a5b67acb] - page.onError - stack:
  (anonymous function) (https://img1.doubanio.com/ZGJhYzhmaC9mL2FkanMvOTY0ZDI5MjQ5N2ViOGI2ZGU3ODdkYmI3YTk3NDliMTJlMzNmMGNlYy9hZC5yZWxlYXNlLmpz:1)

  phantomjs://platform/console++.js:263 in error
[ERROR - 2020-08-03T09:43:48.125Z] Session [97ffb290-d56d-11ea-af9a-ebd5a5b67acb] - page.onError - msg: [Error]: Error while trying to access the //erebor.douban.com/?unit=dale_movie_subject_comments_bottom_right&uid=220434420&bid=o7pH_ZyWl8M&crtr=3%3A%2Fsubject%2F27000981%2Fcomments&ts=1596447827619&callback=erebor_72F06C956144400286433F153A69FF14&failback_count=1

  phantomjs://platform/console++.js:263 in error
[ERROR - 2020-08-03T09:43:48.125Z] Session [97ffb290-d56d-11ea-af9a-ebd5a5b67acb] - page.onError - stack:
  (anonymous function) (https://img1.doubanio.com/ZGJhYzhmaC9mL2FkanMvOTY0ZDI5MjQ5N2ViOGI2ZGU3ODdkYmI3YTk3NDliMTJlMzNmMGNlYy9hZC5yZWxlYXNlLmpz:1)

  phantomjs://platform/console++.js:263 in error
[ERROR - 2020-08-03T09:43:52.674Z] Session [97ffb290-d56d-11ea-af9a-ebd5a5b67acb] - page.onError - msg: [Error]: Error while trying to access the //erebor.douban.com/?unit=dale_movie_subject_comments_bottom_right&uid=220434420&bid=o7pH_ZyWl8M&crtr=3%3A%2Fsubject%2F27000981%2Fcomments&ts=1596447832169&callback=erebor_5C47CFD97842498FA099ADCCE761336A&failback_count=1

  phantomjs://platform/console++.js:263 in error
[ERROR - 2020-08-03T09:43:52.674Z] Session [97ffb290-d56d-11ea-af9a-ebd5a5b67acb] - page.onError - stack:
  (anonymous function) (https://img1.doubanio.com/ZGJhYzhmaC9mL2FkanMvOTY0ZDI5MjQ5N2ViOGI2ZGU3ODdkYmI3YTk3NDliMTJlMzNmMGNlYy9hZC5yZWxlYXNlLmpz:1)

  phantomjs://platform/console++.js:263 in error
[ERROR - 2020-08-03T09:43:59.306Z] Session [97ffb290-d56d-11ea-af9a-ebd5a5b67acb] - page.onError - msg: [Error]: Error while trying to access the //erebor.douban.com/?unit=dale_movie_subject_comments_bottom_right&uid=220434420&bid=o7pH_ZyWl8M&crtr=3%3A%2Fsubject%2F27000981%2Fcomments&ts=1596447838799&callback=erebor_294C50C295124D689B987B1D1316F893&failback_count=1

  phantomjs://platform/console++.js:263 in error
[ERROR - 2020-08-03T09:43:59.306Z] Session [97ffb290-d56d-11ea-af9a-ebd5a5b67acb] - page.onError - stack:
  (anonymous function) (https://img1.doubanio.com/ZGJhYzhmaC9mL2FkanMvOTY0ZDI5MjQ5N2ViOGI2ZGU3ODdkYmI3YTk3NDliMTJlMzNmMGNlYy9hZC5yZWxlYXNlLmpz:1)

  phantomjs://platform/console++.js:263 in error
